# JRE version: OpenJDK Runtime Environment (17.0.6) (build 17.0.6+0-b2043.56-10027231)
# Java VM: OpenJDK 64-Bit Server VM (17.0.6+0-b2043.56-10027231, mixed mode, tiered, compressed oops, compressed class ptrs, g1 gc, windows-amd64)
GC Precious Log:
 CPUs: 8 total, 8 available
 Memory: 7418M
 Large Page Support: Disabled
 NUMA Support: Disabled
 Compressed Oops: Enabled (32-bit)
 Heap Region Size: 1M
 Heap Min Capacity: 8M
 Heap Initial Capacity: 116M
 Heap Max Capacity: 1856M
 Pre-touch: Disabled
 Parallel Workers: 8
 Concurrent Workers: 2
 Concurrent Refinement Workers: 8
 Periodic GC: Disabled
Heap:
 garbage-first heap   total 86016K, used 61242K [0x000000008c000000, 0x0000000100000000)
  region size 1024K, 2 young (2048K), 2 survivors (2048K)
 Metaspace       used 73626K, committed 73984K, reserved 1122304K
  class space    used 8471K, committed 8640K, reserved 1048576K
GC Heap History (20 events):
Event: 27.908 GC heap after
{Heap after GC invocations=28 (full 0):
 garbage-first heap   total 86016K, used 43366K [0x000000008c000000, 0x0000000100000000)
  region size 1024K, 2 young (2048K), 2 survivors (2048K)
 Metaspace       used 57748K, committed 57920K, reserved 1105920K
  class space    used 6836K, committed 6912K, reserved 1048576K
}
Event: 29.192 GC heap before
{Heap before GC invocations=29 (full 0):
 garbage-first heap   total 86016K, used 65894K [0x000000008c000000, 0x0000000100000000)
  region size 1024K, 24 young (24576K), 2 survivors (2048K)
 Metaspace       used 60183K, committed 60416K, reserved 1105920K
  class space    used 7129K, committed 7232K, reserved 1048576K
}
Event: 29.204 GC heap after
{Heap after GC invocations=30 (full 0):
 garbage-first heap   total 86016K, used 46387K [0x000000008c000000, 0x0000000100000000)
  region size 1024K, 3 young (3072K), 3 survivors (3072K)
 Metaspace       used 60183K, committed 60416K, reserved 1105920K
  class space    used 7129K, committed 7232K, reserved 1048576K
}
Event: 29.280 GC heap before
{Heap before GC invocations=30 (full 0):
 garbage-first heap   total 86016K, used 47411K [0x000000008c000000, 0x0000000100000000)
  region size 1024K, 4 young (4096K), 3 survivors (3072K)
 Metaspace       used 60245K, committed 60480K, reserved 1105920K
  class space    used 7139K, committed 7232K, reserved 1048576K
}
Event: 29.288 GC heap after
{Heap after GC invocations=31 (full 0):
 garbage-first heap   total 86016K, used 46413K [0x000000008c000000, 0x0000000100000000)
  region size 1024K, 1 young (1024K), 1 survivors (1024K)
 Metaspace       used 60245K, committed 60480K, reserved 1105920K
  class space    used 7139K, committed 7232K, reserved 1048576K
}
Event: 30.066 GC heap before
{Heap before GC invocations=31 (full 0):
 garbage-first heap   total 86016K, used 67917K [0x000000008c000000, 0x0000000100000000)
  region size 1024K, 21 young (21504K), 1 survivors (1024K)
 Metaspace       used 60640K, committed 60928K, reserved 1105920K
  class space    used 7161K, committed 7296K, reserved 1048576K
}
Event: 30.076 GC heap after
{Heap after GC invocations=32 (full 0):
 garbage-first heap   total 86016K, used 49445K [0x000000008c000000, 0x0000000100000000)
  region size 1024K, 3 young (3072K), 3 survivors (3072K)
 Metaspace       used 60640K, committed 60928K, reserved 1105920K
  class space    used 7161K, committed 7296K, reserved 1048576K
}
Event: 38.169 GC heap before
{Heap before GC invocations=32 (full 0):
 garbage-first heap   total 86016K, used 67877K [0x000000008c000000, 0x0000000100000000)
  region size 1024K, 21 young (21504K), 3 survivors (3072K)
 Metaspace       used 62565K, committed 62784K, reserved 1105920K
  class space    used 7334K, committed 7424K, reserved 1048576K
}
Event: 38.187 GC heap after
{Heap after GC invocations=33 (full 0):
 garbage-first heap   total 86016K, used 51254K [0x000000008c000000, 0x0000000100000000)
  region size 1024K, 2 young (2048K), 2 survivors (2048K)
 Metaspace       used 62565K, committed 62784K, reserved 1105920K
  class space    used 7334K, committed 7424K, reserved 1048576K
}
Event: 39.469 GC heap before
{Heap before GC invocations=33 (full 0):
 garbage-first heap   total 86016K, used 68662K [0x000000008c000000, 0x0000000100000000)
  region size 1024K, 19 young (19456K), 2 survivors (2048K)
 Metaspace       used 64445K, committed 64704K, reserved 1105920K
  class space    used 7566K, committed 7680K, reserved 1048576K
}
Event: 39.481 GC heap after
{Heap after GC invocations=34 (full 0):
 garbage-first heap   total 86016K, used 54272K [0x000000008c000000, 0x0000000100000000)
  region size 1024K, 3 young (3072K), 3 survivors (3072K)
 Metaspace       used 64445K, committed 64704K, reserved 1105920K
  class space    used 7566K, committed 7680K, reserved 1048576K
}
Event: 42.917 GC heap before
{Heap before GC invocations=34 (full 0):
 garbage-first heap   total 86016K, used 69632K [0x000000008c000000, 0x0000000100000000)
  region size 1024K, 18 young (18432K), 3 survivors (3072K)
 Metaspace       used 65262K, committed 65536K, reserved 1114112K
  class space    used 7595K, committed 7744K, reserved 1048576K
}
Event: 42.930 GC heap after
{Heap after GC invocations=35 (full 0):
 garbage-first heap   total 86016K, used 56568K [0x000000008c000000, 0x0000000100000000)
  region size 1024K, 3 young (3072K), 3 survivors (3072K)
 Metaspace       used 65262K, committed 65536K, reserved 1114112K
  class space    used 7595K, committed 7744K, reserved 1048576K
}
Event: 43.881 GC heap before
{Heap before GC invocations=35 (full 0):
 garbage-first heap   total 86016K, used 69880K [0x000000008c000000, 0x0000000100000000)
  region size 1024K, 16 young (16384K), 3 survivors (3072K)
 Metaspace       used 67337K, committed 67584K, reserved 1114112K
  class space    used 7815K, committed 7936K, reserved 1048576K
}
Event: 43.889 GC heap after
{Heap after GC invocations=36 (full 0):
 garbage-first heap   total 86016K, used 57504K [0x000000008c000000, 0x0000000100000000)
  region size 1024K, 2 young (2048K), 2 survivors (2048K)
 Metaspace       used 67337K, committed 67584K, reserved 1114112K
  class space    used 7815K, committed 7936K, reserved 1048576K
}
Event: 44.755 GC heap before
{Heap before GC invocations=36 (full 0):
 garbage-first heap   total 86016K, used 69792K [0x000000008c000000, 0x0000000100000000)
  region size 1024K, 15 young (15360K), 2 survivors (2048K)
 Metaspace       used 70137K, committed 70464K, reserved 1114112K
  class space    used 8099K, committed 8256K, reserved 1048576K
}
Event: 44.762 GC heap after
{Heap after GC invocations=37 (full 0):
 garbage-first heap   total 86016K, used 58118K [0x000000008c000000, 0x0000000100000000)
  region size 1024K, 2 young (2048K), 2 survivors (2048K)
 Metaspace       used 70137K, committed 70464K, reserved 1114112K
  class space    used 8099K, committed 8256K, reserved 1048576K
}
Event: 45.629 GC heap before
{Heap before GC invocations=37 (full 0):
 garbage-first heap   total 86016K, used 71430K [0x000000008c000000, 0x0000000100000000)
  region size 1024K, 15 young (15360K), 2 survivors (2048K)
 Metaspace       used 71477K, committed 71808K, reserved 1114112K
  class space    used 8218K, committed 8384K, reserved 1048576K
}
Event: 45.640 GC heap after
{Heap after GC invocations=38 (full 0):
 garbage-first heap   total 86016K, used 59382K [0x000000008c000000, 0x0000000100000000)
  region size 1024K, 2 young (2048K), 2 survivors (2048K)
 Metaspace       used 71477K, committed 71808K, reserved 1114112K
  class space    used 8218K, committed 8384K, reserved 1048576K
}
Event: 46.461 GC heap before
{Heap before GC invocations=38 (full 0):
 garbage-first heap   total 86016K, used 71670K [0x000000008c000000, 0x0000000100000000)
  region size 1024K, 14 young (14336K), 2 survivors (2048K)
 Metaspace       used 73626K, committed 73984K, reserved 1122304K
  class space    used 8471K, committed 8640K, reserved 1048576K
}

